

*******************************************************************************
Mon Aug 17 18:05:51 2020


FIT:    data read from dataPTH using 1:2
        format = x:z
        x range restricted to [0.00000 : 4750.00]
        #datapoints = 10
        residuals are weighted equally (unit weight)

function used for fitting: S(x)
	S(x) = S_0 * (1-exp(-x/T_1))
fitted parameters initialized with current variable values

iter      chisq       delta/lim  lambda   T_1           S_0          
   0 1.9908219163e-01   0.00e+00  5.23e-01    2.750000e+03   1.110000e+00
   7 7.8419638747e-13  -5.31e-05  5.23e-08    1.394845e+03   1.000000e+00

After 7 iterations the fit converged.
final sum of squares of residuals : 7.84196e-13
rel. change during last iteration : -5.30993e-10

degrees of freedom    (FIT_NDF)                        : 8
rms of residuals      (FIT_STDFIT) = sqrt(WSSR/ndf)    : 3.13089e-07
variance of residuals (reduced chisquare) = WSSR/ndf   : 9.80245e-14

Final set of parameters            Asymptotic Standard Error
=======================            ==========================
T_1             = 1394.84          +/- 0.001055     (7.563e-05%)
S_0             = 1                +/- 2.57e-07     (2.57e-05%)

correlation matrix of the fit parameters:
                T_1    S_0    
T_1             1.000 
S_0             0.868  1.000 


*******************************************************************************
Mon Aug 17 18:05:51 2020


FIT:    data read from dataPTH6 using 1:2
        format = x:z
        x range restricted to [0.00000 : 4100.00]
        #datapoints = 8
        residuals are weighted equally (unit weight)

function used for fitting: S3(x)
	S3(x) = S3_0 * (1-exp(-x/T3_1))
fitted parameters initialized with current variable values

iter      chisq       delta/lim  lambda   T3_1          S3_0         
   0 2.8414975159e-03   0.00e+00  4.77e-01    2.750000e+03   1.110000e+00
   6 5.0028146343e-13  -4.23e-03  4.77e-07    2.199462e+03   9.999998e-01

After 6 iterations the fit converged.
final sum of squares of residuals : 5.00281e-13
rel. change during last iteration : -4.22682e-08

degrees of freedom    (FIT_NDF)                        : 6
rms of residuals      (FIT_STDFIT) = sqrt(WSSR/ndf)    : 2.88756e-07
variance of residuals (reduced chisquare) = WSSR/ndf   : 8.33802e-14

Final set of parameters            Asymptotic Standard Error
=======================            ==========================
T3_1            = 2199.46          +/- 0.003027     (0.0001376%)
S3_0            = 1                +/- 7.303e-07    (7.303e-05%)

correlation matrix of the fit parameters:
                T3_1   S3_0   
T3_1            1.000 
S3_0            0.972  1.000 


*******************************************************************************
Mon Aug 17 18:05:51 2020


FIT:    data read from dataPTH8 using 1:2
        format = x:z
        x range restricted to [0.00000 : 1300.00]
        #datapoints = 9
        residuals are weighted equally (unit weight)

function used for fitting: S8(x)
	S8(x) = S8_0 * (1-exp(-x/T8_1))
fitted parameters initialized with current variable values

iter      chisq       delta/lim  lambda   T8_1          S8_0         
   0 2.1528668980e+00   0.00e+00  2.48e-01    2.750000e+03   1.110000e+00
   9 4.3740144791e-13  -4.06e-04  2.48e-07    4.312680e+02   1.000000e+00

After 9 iterations the fit converged.
final sum of squares of residuals : 4.37401e-13
rel. change during last iteration : -4.05546e-09

degrees of freedom    (FIT_NDF)                        : 7
rms of residuals      (FIT_STDFIT) = sqrt(WSSR/ndf)    : 2.49972e-07
variance of residuals (reduced chisquare) = WSSR/ndf   : 6.24859e-14

Final set of parameters            Asymptotic Standard Error
=======================            ==========================
T8_1            = 431.268          +/- 0.0002906    (6.738e-05%)
S8_0            = 1                +/- 2.475e-07    (2.475e-05%)

correlation matrix of the fit parameters:
                T8_1   S8_0   
T8_1            1.000 
S8_0            0.894  1.000 


*******************************************************************************
Mon Aug 17 18:05:52 2020


FIT:    data read from dataPTH2 using 1:2
        format = x:z
        x range restricted to [0.00000 : 4750.00]
        #datapoints = 10
        residuals are weighted equally (unit weight)

function used for fitting: S2(x)
	S2(x) = S2_0 * (1-exp(-x/T2_1))
fitted parameters initialized with current variable values

iter      chisq       delta/lim  lambda   T2_1          S2_0         
   0 3.3724532095e-01   0.00e+00  5.23e-01    2.750000e+03   1.110000e+00
   7 1.0945052488e-12  -1.14e-05  5.23e+00    1.178283e+03   1.000000e+00

After 7 iterations the fit converged.
final sum of squares of residuals : 1.09451e-12
rel. change during last iteration : -1.14401e-10

degrees of freedom    (FIT_NDF)                        : 8
rms of residuals      (FIT_STDFIT) = sqrt(WSSR/ndf)    : 3.69883e-07
variance of residuals (reduced chisquare) = WSSR/ndf   : 1.36813e-13

Final set of parameters            Asymptotic Standard Error
=======================            ==========================
T2_1            = 1178.28          +/- 0.0009801    (8.318e-05%)
S2_0            = 1                +/- 2.506e-07    (2.506e-05%)

correlation matrix of the fit parameters:
                T2_1   S2_0   
T2_1            1.000 
S2_0            0.818  1.000 


*******************************************************************************
Mon Aug 17 18:05:52 2020


FIT:    data read from dataPTH4 using 1:2
        format = x:z
        x range restricted to [0.00000 : 1300.00]
        #datapoints = 9
        residuals are weighted equally (unit weight)

function used for fitting: S4(x)
	S4(x) = S4_0 * (1-exp(-x/T4_1))
fitted parameters initialized with current variable values

iter      chisq       delta/lim  lambda   T4_1          S4_0         
   0 4.1531685750e+00   0.00e+00  1.55e-01    2.750000e+03   1.110000e+00
  18 6.2637515865e-13  -1.13e-03  1.55e-07    1.802444e+02   1.000000e+00

After 18 iterations the fit converged.
final sum of squares of residuals : 6.26375e-13
rel. change during last iteration : -1.13387e-08

degrees of freedom    (FIT_NDF)                        : 7
rms of residuals      (FIT_STDFIT) = sqrt(WSSR/ndf)    : 2.99136e-07
variance of residuals (reduced chisquare) = WSSR/ndf   : 8.94822e-14

Final set of parameters            Asymptotic Standard Error
=======================            ==========================
T4_1            = 180.244          +/- 0.0001274    (7.069e-05%)
S4_0            = 1                +/- 2.142e-07    (2.142e-05%)

correlation matrix of the fit parameters:
                T4_1   S4_0   
T4_1            1.000 
S4_0            0.831  1.000 


*******************************************************************************
Mon Aug 17 18:06:00 2020


FIT:    data read from dataPTH using 1:2
        format = x:z
        x range restricted to [0.00000 : 4750.00]
        #datapoints = 10
        residuals are weighted equally (unit weight)

function used for fitting: S(x)
	S(x) = S_0 * (1-exp(-x/T_1))
fitted parameters initialized with current variable values

iter      chisq       delta/lim  lambda   T_1           S_0          
   0 1.9908219163e-01   0.00e+00  5.23e-01    2.750000e+03   1.110000e+00
   7 7.8419638747e-13  -5.31e-05  5.23e-08    1.394845e+03   1.000000e+00

After 7 iterations the fit converged.
final sum of squares of residuals : 7.84196e-13
rel. change during last iteration : -5.30993e-10

degrees of freedom    (FIT_NDF)                        : 8
rms of residuals      (FIT_STDFIT) = sqrt(WSSR/ndf)    : 3.13089e-07
variance of residuals (reduced chisquare) = WSSR/ndf   : 9.80245e-14

Final set of parameters            Asymptotic Standard Error
=======================            ==========================
T_1             = 1394.84          +/- 0.001055     (7.563e-05%)
S_0             = 1                +/- 2.57e-07     (2.57e-05%)

correlation matrix of the fit parameters:
                T_1    S_0    
T_1             1.000 
S_0             0.868  1.000 


*******************************************************************************
Mon Aug 17 18:06:01 2020


FIT:    data read from dataPTH6 using 1:2
        format = x:z
        x range restricted to [0.00000 : 4100.00]
        #datapoints = 8
        residuals are weighted equally (unit weight)

function used for fitting: S3(x)
	S3(x) = S3_0 * (1-exp(-x/T3_1))
fitted parameters initialized with current variable values

iter      chisq       delta/lim  lambda   T3_1          S3_0         
   0 2.8414975159e-03   0.00e+00  4.77e-01    2.750000e+03   1.110000e+00
   6 5.0028146343e-13  -4.23e-03  4.77e-07    2.199462e+03   9.999998e-01

After 6 iterations the fit converged.
final sum of squares of residuals : 5.00281e-13
rel. change during last iteration : -4.22682e-08

degrees of freedom    (FIT_NDF)                        : 6
rms of residuals      (FIT_STDFIT) = sqrt(WSSR/ndf)    : 2.88756e-07
variance of residuals (reduced chisquare) = WSSR/ndf   : 8.33802e-14

Final set of parameters            Asymptotic Standard Error
=======================            ==========================
T3_1            = 2199.46          +/- 0.003027     (0.0001376%)
S3_0            = 1                +/- 7.303e-07    (7.303e-05%)

correlation matrix of the fit parameters:
                T3_1   S3_0   
T3_1            1.000 
S3_0            0.972  1.000 


*******************************************************************************
Mon Aug 17 18:06:01 2020


FIT:    data read from dataPTH8 using 1:2
        format = x:z
        x range restricted to [0.00000 : 1300.00]
        #datapoints = 9
        residuals are weighted equally (unit weight)

function used for fitting: S8(x)
	S8(x) = S8_0 * (1-exp(-x/T8_1))
fitted parameters initialized with current variable values

iter      chisq       delta/lim  lambda   T8_1          S8_0         
   0 2.1528668980e+00   0.00e+00  2.48e-01    2.750000e+03   1.110000e+00
   9 4.3740144791e-13  -4.06e-04  2.48e-07    4.312680e+02   1.000000e+00

After 9 iterations the fit converged.
final sum of squares of residuals : 4.37401e-13
rel. change during last iteration : -4.05546e-09

degrees of freedom    (FIT_NDF)                        : 7
rms of residuals      (FIT_STDFIT) = sqrt(WSSR/ndf)    : 2.49972e-07
variance of residuals (reduced chisquare) = WSSR/ndf   : 6.24859e-14

Final set of parameters            Asymptotic Standard Error
=======================            ==========================
T8_1            = 431.268          +/- 0.0002906    (6.738e-05%)
S8_0            = 1                +/- 2.475e-07    (2.475e-05%)

correlation matrix of the fit parameters:
                T8_1   S8_0   
T8_1            1.000 
S8_0            0.894  1.000 


*******************************************************************************
Mon Aug 17 18:06:01 2020


FIT:    data read from dataPTH2 using 1:2
        format = x:z
        x range restricted to [0.00000 : 4750.00]
        #datapoints = 10
        residuals are weighted equally (unit weight)

function used for fitting: S2(x)
	S2(x) = S2_0 * (1-exp(-x/T2_1))
fitted parameters initialized with current variable values

iter      chisq       delta/lim  lambda   T2_1          S2_0         
   0 3.3724532095e-01   0.00e+00  5.23e-01    2.750000e+03   1.110000e+00
   7 1.0945052488e-12  -1.14e-05  5.23e+00    1.178283e+03   1.000000e+00

After 7 iterations the fit converged.
final sum of squares of residuals : 1.09451e-12
rel. change during last iteration : -1.14401e-10

degrees of freedom    (FIT_NDF)                        : 8
rms of residuals      (FIT_STDFIT) = sqrt(WSSR/ndf)    : 3.69883e-07
variance of residuals (reduced chisquare) = WSSR/ndf   : 1.36813e-13

Final set of parameters            Asymptotic Standard Error
=======================            ==========================
T2_1            = 1178.28          +/- 0.0009801    (8.318e-05%)
S2_0            = 1                +/- 2.506e-07    (2.506e-05%)

correlation matrix of the fit parameters:
                T2_1   S2_0   
T2_1            1.000 
S2_0            0.818  1.000 


*******************************************************************************
Mon Aug 17 18:06:01 2020


FIT:    data read from dataPTH4 using 1:2
        format = x:z
        x range restricted to [0.00000 : 1300.00]
        #datapoints = 9
        residuals are weighted equally (unit weight)

function used for fitting: S4(x)
	S4(x) = S4_0 * (1-exp(-x/T4_1))
fitted parameters initialized with current variable values

iter      chisq       delta/lim  lambda   T4_1          S4_0         
   0 4.1531685750e+00   0.00e+00  1.55e-01    2.750000e+03   1.110000e+00
  18 6.2637515865e-13  -1.13e-03  1.55e-07    1.802444e+02   1.000000e+00

After 18 iterations the fit converged.
final sum of squares of residuals : 6.26375e-13
rel. change during last iteration : -1.13387e-08

degrees of freedom    (FIT_NDF)                        : 7
rms of residuals      (FIT_STDFIT) = sqrt(WSSR/ndf)    : 2.99136e-07
variance of residuals (reduced chisquare) = WSSR/ndf   : 8.94822e-14

Final set of parameters            Asymptotic Standard Error
=======================            ==========================
T4_1            = 180.244          +/- 0.0001274    (7.069e-05%)
S4_0            = 1                +/- 2.142e-07    (2.142e-05%)

correlation matrix of the fit parameters:
                T4_1   S4_0   
T4_1            1.000 
S4_0            0.831  1.000 


*******************************************************************************
Mon Aug 17 18:07:41 2020


FIT:    data read from dataPTH using 1:2
        format = x:z
        x range restricted to [0.00000 : 4750.00]
        #datapoints = 10
        residuals are weighted equally (unit weight)

function used for fitting: S(x)
	S(x) = S_0 * (1-exp(-x/T_1))
fitted parameters initialized with current variable values

iter      chisq       delta/lim  lambda   T_1           S_0          
   0 1.9908219163e-01   0.00e+00  5.23e-01    2.750000e+03   1.110000e+00
   7 7.8419638747e-13  -5.31e-05  5.23e-08    1.394845e+03   1.000000e+00

After 7 iterations the fit converged.
final sum of squares of residuals : 7.84196e-13
rel. change during last iteration : -5.30993e-10

degrees of freedom    (FIT_NDF)                        : 8
rms of residuals      (FIT_STDFIT) = sqrt(WSSR/ndf)    : 3.13089e-07
variance of residuals (reduced chisquare) = WSSR/ndf   : 9.80245e-14

Final set of parameters            Asymptotic Standard Error
=======================            ==========================
T_1             = 1394.84          +/- 0.001055     (7.563e-05%)
S_0             = 1                +/- 2.57e-07     (2.57e-05%)

correlation matrix of the fit parameters:
                T_1    S_0    
T_1             1.000 
S_0             0.868  1.000 


*******************************************************************************
Mon Aug 17 18:07:41 2020


FIT:    data read from dataPTH1 using 1:2
        format = x:z
        x range restricted to [0.00000 : 6000.00]
        #datapoints = 30
        residuals are weighted equally (unit weight)

function used for fitting: M(x)
	M(x) = M_0 * exp(-x/T_2)
fitted parameters initialized with current variable values

iter      chisq       delta/lim  lambda   T_2           M_0          
   0 1.3391161070e+00   0.00e+00  3.87e-01    2.700000e+03   1.000000e+00
   6 7.6704551524e-13  -9.32e-05  3.87e-07    1.215514e+03   9.999998e-01

After 6 iterations the fit converged.
final sum of squares of residuals : 7.67046e-13
rel. change during last iteration : -9.32488e-10

degrees of freedom    (FIT_NDF)                        : 28
rms of residuals      (FIT_STDFIT) = sqrt(WSSR/ndf)    : 1.65513e-07
variance of residuals (reduced chisquare) = WSSR/ndf   : 2.73945e-14

Final set of parameters            Asymptotic Standard Error
=======================            ==========================
T_2             = 1215.51          +/- 0.0002529    (2.081e-05%)
M_0             = 1                +/- 1.599e-07    (1.599e-05%)

correlation matrix of the fit parameters:
                T_2    M_0    
T_2             1.000 
M_0            -0.763  1.000 


*******************************************************************************
Mon Aug 17 18:07:41 2020


FIT:    data read from dataPTH2 using 1:2
        format = x:z
        x range restricted to [0.00000 : 6000.00]
        #datapoints = 9
        residuals are weighted equally (unit weight)

function used for fitting: S1(x)
	S1(x) = S1_0 * (1-exp(-x/T1_1))
fitted parameters initialized with current variable values

iter      chisq       delta/lim  lambda   T1_1          S1_0         
   0 8.8234524418e-01   0.00e+00  8.85e-01    2.750000e+03   2.000000e+00
  10 2.8927204098e-13  -5.98e-03  8.85e-08    1.003402e+03   9.999999e-01

After 10 iterations the fit converged.
final sum of squares of residuals : 2.89272e-13
rel. change during last iteration : -5.97659e-08

degrees of freedom    (FIT_NDF)                        : 7
rms of residuals      (FIT_STDFIT) = sqrt(WSSR/ndf)    : 2.03284e-07
variance of residuals (reduced chisquare) = WSSR/ndf   : 4.13246e-14

Final set of parameters            Asymptotic Standard Error
=======================            ==========================
T1_1            = 1003.4           +/- 0.0004851    (4.835e-05%)
S1_0            = 1                +/- 1.42e-07     (1.42e-05%)

correlation matrix of the fit parameters:
                T1_1   S1_0   
T1_1            1.000 
S1_0            0.807  1.000 


*******************************************************************************
Mon Aug 17 18:07:42 2020


FIT:    data read from dataPTH3 using 1:2
        format = x:z
        x range restricted to [0.00000 : 6000.00]
        #datapoints = 30
        residuals are weighted equally (unit weight)

function used for fitting: M1(x)
	M1(x) = M1_0 * exp(-x/T1_2)
fitted parameters initialized with current variable values

iter      chisq       delta/lim  lambda   T1_2          M1_0         
   0 2.3992322700e+00   0.00e+00  4.87e-01    2.700000e+03   1.000000e+00
   6 1.8019754941e-12   0.00e+00  4.87e+01    1.066239e+03   9.999999e-01

After 6 iterations the fit converged.
final sum of squares of residuals : 1.80198e-12
rel. change during last iteration : 0

degrees of freedom    (FIT_NDF)                        : 28
rms of residuals      (FIT_STDFIT) = sqrt(WSSR/ndf)    : 2.53685e-07
variance of residuals (reduced chisquare) = WSSR/ndf   : 6.43563e-14

Final set of parameters            Asymptotic Standard Error
=======================            ==========================
T1_2            = 1066.24          +/- 0.0002621    (2.458e-05%)
M1_0            = 1                +/- 1.755e-07    (1.755e-05%)

correlation matrix of the fit parameters:
                T1_2   M1_0   
T1_2            1.000 
M1_0           -0.753  1.000 


*******************************************************************************
Mon Aug 17 18:07:42 2020


FIT:    data read from dataPTH4 using 1:2
        format = x:z
        x range restricted to [0.00000 : 6000.00]
        #datapoints = 9
        residuals are weighted equally (unit weight)

function used for fitting: S2(x)
	S2(x) = S2_0 * (1-exp(-x/T2_1))
fitted parameters initialized with current variable values

iter      chisq       delta/lim  lambda   T2_1          S2_0         
   0 1.3231125692e+00   0.00e+00  3.42e-01    2.750000e+03   1.110000e+00
   5 1.3473566941e-02  -3.24e-03  3.42e-06    6.468486e+02   1.000000e+00

After 5 iterations the fit converged.
final sum of squares of residuals : 0.0134736
rel. change during last iteration : -3.24059e-08

degrees of freedom    (FIT_NDF)                        : 7
rms of residuals      (FIT_STDFIT) = sqrt(WSSR/ndf)    : 0.0438725
variance of residuals (reduced chisquare) = WSSR/ndf   : 0.0019248

Final set of parameters            Asymptotic Standard Error
=======================            ==========================
T2_1            = 646.849          +/- 74.54        (11.52%)
S2_0            = 1                +/- 0.04003      (4.003%)

correlation matrix of the fit parameters:
                T2_1   S2_0   
T2_1            1.000 
S2_0            0.876  1.000 


*******************************************************************************
Mon Aug 17 18:07:42 2020


FIT:    data read from dataPTH5 using 1:2
        format = x:z
        x range restricted to [0.00000 : 6000.00]
        #datapoints = 30
        residuals are weighted equally (unit weight)

function used for fitting: M2(x)
	M2(x) = M2_0 * exp(-x/T2_2)
fitted parameters initialized with current variable values

iter      chisq       delta/lim  lambda   T2_2          M2_0         
   0 4.1761605038e+00   0.00e+00  4.87e-01    2.700000e+03   1.000000e+00
   5 1.4889798771e-12  -7.17e-01  4.87e-06    7.484041e+02   9.999997e-01

After 5 iterations the fit converged.
final sum of squares of residuals : 1.48898e-12
rel. change during last iteration : -7.16781e-06

degrees of freedom    (FIT_NDF)                        : 28
rms of residuals      (FIT_STDFIT) = sqrt(WSSR/ndf)    : 2.30603e-07
variance of residuals (reduced chisquare) = WSSR/ndf   : 5.31779e-14

Final set of parameters            Asymptotic Standard Error
=======================            ==========================
T2_2            = 748.404          +/- 0.0001937    (2.588e-05%)
M2_0            = 1                +/- 1.947e-07    (1.947e-05%)

correlation matrix of the fit parameters:
                T2_2   M2_0   
T2_2            1.000 
M2_0           -0.755  1.000 


*******************************************************************************
Mon Aug 17 18:07:42 2020


FIT:    data read from dataPTH8 using 1:2
        format = x:z
        x range restricted to [0.00000 : 1300.00]
        #datapoints = 9
        residuals are weighted equally (unit weight)

function used for fitting: S8(x)
	S8(x) = S8_0 * (1-exp(-x/T8_1))
fitted parameters initialized with current variable values

iter      chisq       delta/lim  lambda   T8_1          S8_0         
   0 2.1528668980e+00   0.00e+00  2.48e-01    2.750000e+03   1.110000e+00
   9 4.3740144791e-13  -4.06e-04  2.48e-07    4.312680e+02   1.000000e+00

After 9 iterations the fit converged.
final sum of squares of residuals : 4.37401e-13
rel. change during last iteration : -4.05546e-09

degrees of freedom    (FIT_NDF)                        : 7
rms of residuals      (FIT_STDFIT) = sqrt(WSSR/ndf)    : 2.49972e-07
variance of residuals (reduced chisquare) = WSSR/ndf   : 6.24859e-14

Final set of parameters            Asymptotic Standard Error
=======================            ==========================
T8_1            = 431.268          +/- 0.0002906    (6.738e-05%)
S8_0            = 1                +/- 2.475e-07    (2.475e-05%)

correlation matrix of the fit parameters:
                T8_1   S8_0   
T8_1            1.000 
S8_0            0.894  1.000 


*******************************************************************************
Mon Aug 17 18:07:42 2020


FIT:    data read from dataPTH9 using 1:2
        format = x:z
        x range restricted to [0.00000 : 1400.00]
        #datapoints = 20
        residuals are weighted equally (unit weight)

function used for fitting: M9(x)
	M9(x) = M9_0 * exp(-x/T9_2)
fitted parameters initialized with current variable values

iter      chisq       delta/lim  lambda   T9_2          M9_0         
   0 6.4730699820e+00   0.00e+00  5.70e-01    2.700000e+03   1.000000e+00
  12 1.1107674167e-12  -6.69e-03  5.70e-07    3.418226e+02   9.999999e-01

After 12 iterations the fit converged.
final sum of squares of residuals : 1.11077e-12
rel. change during last iteration : -6.69338e-08

degrees of freedom    (FIT_NDF)                        : 18
rms of residuals      (FIT_STDFIT) = sqrt(WSSR/ndf)    : 2.48414e-07
variance of residuals (reduced chisquare) = WSSR/ndf   : 6.17093e-14

Final set of parameters            Asymptotic Standard Error
=======================            ==========================
T9_2            = 341.823          +/- 0.0001228    (3.594e-05%)
M9_0            = 1                +/- 2.81e-07     (2.81e-05%)

correlation matrix of the fit parameters:
                T9_2   M9_0   
T9_2            1.000 
M9_0           -0.777  1.000 


*******************************************************************************
Mon Aug 17 18:07:42 2020


FIT:    data read from dataPTH6 using 1:2
        format = x:z
        x range restricted to [0.00000 : 6000.00]
        #datapoints = 10
        residuals are weighted equally (unit weight)

function used for fitting: S3(x)
	S3(x) = S3_0 * (1-exp(-x/T3_1))
fitted parameters initialized with current variable values

iter      chisq       delta/lim  lambda   T3_1          S3_0         
   0 3.8929135176e-03   0.00e+00  5.23e-01    2.750000e+03   1.110000e+00
   6 6.8027411633e-13  -2.19e-03  5.23e-07    2.199464e+03   1.000000e+00

After 6 iterations the fit converged.
final sum of squares of residuals : 6.80274e-13
rel. change during last iteration : -2.19338e-08

degrees of freedom    (FIT_NDF)                        : 8
rms of residuals      (FIT_STDFIT) = sqrt(WSSR/ndf)    : 2.91606e-07
variance of residuals (reduced chisquare) = WSSR/ndf   : 8.50343e-14

Final set of parameters            Asymptotic Standard Error
=======================            ==========================
T3_1            = 2199.46          +/- 0.002169     (9.861e-05%)
S3_0            = 1                +/- 4.584e-07    (4.584e-05%)

correlation matrix of the fit parameters:
                T3_1   S3_0   
T3_1            1.000 
S3_0            0.952  1.000 


*******************************************************************************
Mon Aug 17 18:07:43 2020


FIT:    data read from dataPTH7 using 1:2
        format = x:z
        x range restricted to [0.00000 : 6000.00]
        #datapoints = 30
        residuals are weighted equally (unit weight)

function used for fitting: M3(x)
	M3(x) = M3_0 * exp(-x/T3_2)
fitted parameters initialized with current variable values

iter      chisq       delta/lim  lambda   T3_2          M3_0         
   0 3.6479265355e-01   0.00e+00  3.87e-01    2.700000e+03   1.000000e+00
   4 6.1537447012e-02  -4.97e-02  3.87e-05    1.901064e+03   9.999959e-01

After 4 iterations the fit converged.
final sum of squares of residuals : 0.0615374
rel. change during last iteration : -4.97022e-07

degrees of freedom    (FIT_NDF)                        : 28
rms of residuals      (FIT_STDFIT) = sqrt(WSSR/ndf)    : 0.0468803
variance of residuals (reduced chisquare) = WSSR/ndf   : 0.00219777

Final set of parameters            Asymptotic Standard Error
=======================            ==========================
T3_2            = 1901.06          +/- 89.83        (4.725%)
M3_0            = 0.999996         +/- 0.03446      (3.446%)

correlation matrix of the fit parameters:
                T3_2   M3_0   
T3_2            1.000 
M3_0           -0.752  1.000 


*******************************************************************************
Mon Aug 17 18:08:28 2020


FIT:    data read from dataPTH using 1:2
        format = x:z
        x range restricted to [0.00000 : 4750.00]
        #datapoints = 10
        residuals are weighted equally (unit weight)

function used for fitting: S(x)
	S(x) = S_0 * (1-exp(-x/T_1))
fitted parameters initialized with current variable values

iter      chisq       delta/lim  lambda   T_1           S_0          
   0 1.9908219163e-01   0.00e+00  5.23e-01    2.750000e+03   1.110000e+00
   7 7.8419638747e-13  -5.31e-05  5.23e-08    1.394845e+03   1.000000e+00

After 7 iterations the fit converged.
final sum of squares of residuals : 7.84196e-13
rel. change during last iteration : -5.30993e-10

degrees of freedom    (FIT_NDF)                        : 8
rms of residuals      (FIT_STDFIT) = sqrt(WSSR/ndf)    : 3.13089e-07
variance of residuals (reduced chisquare) = WSSR/ndf   : 9.80245e-14

Final set of parameters            Asymptotic Standard Error
=======================            ==========================
T_1             = 1394.84          +/- 0.001055     (7.563e-05%)
S_0             = 1                +/- 2.57e-07     (2.57e-05%)

correlation matrix of the fit parameters:
                T_1    S_0    
T_1             1.000 
S_0             0.868  1.000 


*******************************************************************************
Mon Aug 17 18:08:28 2020


FIT:    data read from dataPTH1 using 1:2
        format = x:z
        x range restricted to [0.00000 : 6000.00]
        #datapoints = 30
        residuals are weighted equally (unit weight)

function used for fitting: M(x)
	M(x) = M_0 * exp(-x/T_2)
fitted parameters initialized with current variable values

iter      chisq       delta/lim  lambda   T_2           M_0          
   0 1.3391161070e+00   0.00e+00  3.87e-01    2.700000e+03   1.000000e+00
   6 7.6704551524e-13  -9.32e-05  3.87e-07    1.215514e+03   9.999998e-01

After 6 iterations the fit converged.
final sum of squares of residuals : 7.67046e-13
rel. change during last iteration : -9.32488e-10

degrees of freedom    (FIT_NDF)                        : 28
rms of residuals      (FIT_STDFIT) = sqrt(WSSR/ndf)    : 1.65513e-07
variance of residuals (reduced chisquare) = WSSR/ndf   : 2.73945e-14

Final set of parameters            Asymptotic Standard Error
=======================            ==========================
T_2             = 1215.51          +/- 0.0002529    (2.081e-05%)
M_0             = 1                +/- 1.599e-07    (1.599e-05%)

correlation matrix of the fit parameters:
                T_2    M_0    
T_2             1.000 
M_0            -0.763  1.000 


*******************************************************************************
Mon Aug 17 18:08:28 2020


FIT:    data read from dataPTH2 using 1:2
        format = x:z
        x range restricted to [0.00000 : 6000.00]
        #datapoints = 9
        residuals are weighted equally (unit weight)

function used for fitting: S1(x)
	S1(x) = S1_0 * (1-exp(-x/T1_1))
fitted parameters initialized with current variable values

iter      chisq       delta/lim  lambda   T1_1          S1_0         
   0 8.8234524418e-01   0.00e+00  8.85e-01    2.750000e+03   2.000000e+00
  10 2.8927204098e-13  -5.98e-03  8.85e-08    1.003402e+03   9.999999e-01

After 10 iterations the fit converged.
final sum of squares of residuals : 2.89272e-13
rel. change during last iteration : -5.97659e-08

degrees of freedom    (FIT_NDF)                        : 7
rms of residuals      (FIT_STDFIT) = sqrt(WSSR/ndf)    : 2.03284e-07
variance of residuals (reduced chisquare) = WSSR/ndf   : 4.13246e-14

Final set of parameters            Asymptotic Standard Error
=======================            ==========================
T1_1            = 1003.4           +/- 0.0004851    (4.835e-05%)
S1_0            = 1                +/- 1.42e-07     (1.42e-05%)

correlation matrix of the fit parameters:
                T1_1   S1_0   
T1_1            1.000 
S1_0            0.807  1.000 


*******************************************************************************
Mon Aug 17 18:08:28 2020


FIT:    data read from dataPTH3 using 1:2
        format = x:z
        x range restricted to [0.00000 : 6000.00]
        #datapoints = 30
        residuals are weighted equally (unit weight)

function used for fitting: M1(x)
	M1(x) = M1_0 * exp(-x/T1_2)
fitted parameters initialized with current variable values

iter      chisq       delta/lim  lambda   T1_2          M1_0         
   0 2.3992322700e+00   0.00e+00  4.87e-01    2.700000e+03   1.000000e+00
   6 1.8019754941e-12   0.00e+00  4.87e+01    1.066239e+03   9.999999e-01

After 6 iterations the fit converged.
final sum of squares of residuals : 1.80198e-12
rel. change during last iteration : 0

degrees of freedom    (FIT_NDF)                        : 28
rms of residuals      (FIT_STDFIT) = sqrt(WSSR/ndf)    : 2.53685e-07
variance of residuals (reduced chisquare) = WSSR/ndf   : 6.43563e-14

Final set of parameters            Asymptotic Standard Error
=======================            ==========================
T1_2            = 1066.24          +/- 0.0002621    (2.458e-05%)
M1_0            = 1                +/- 1.755e-07    (1.755e-05%)

correlation matrix of the fit parameters:
                T1_2   M1_0   
T1_2            1.000 
M1_0           -0.753  1.000 


*******************************************************************************
Mon Aug 17 18:08:28 2020


FIT:    data read from dataPTH4 using 1:2
        format = x:z
        x range restricted to [0.00000 : 6000.00]
        #datapoints = 9
        residuals are weighted equally (unit weight)

function used for fitting: S2(x)
	S2(x) = S2_0 * (1-exp(-x/T2_1))
fitted parameters initialized with current variable values

iter      chisq       delta/lim  lambda   T2_1          S2_0         
   0 1.3231125692e+00   0.00e+00  3.42e-01    2.750000e+03   1.110000e+00
   5 1.3473566941e-02  -3.24e-03  3.42e-06    6.468486e+02   1.000000e+00

After 5 iterations the fit converged.
final sum of squares of residuals : 0.0134736
rel. change during last iteration : -3.24059e-08

degrees of freedom    (FIT_NDF)                        : 7
rms of residuals      (FIT_STDFIT) = sqrt(WSSR/ndf)    : 0.0438725
variance of residuals (reduced chisquare) = WSSR/ndf   : 0.0019248

Final set of parameters            Asymptotic Standard Error
=======================            ==========================
T2_1            = 646.849          +/- 74.54        (11.52%)
S2_0            = 1                +/- 0.04003      (4.003%)

correlation matrix of the fit parameters:
                T2_1   S2_0   
T2_1            1.000 
S2_0            0.876  1.000 


*******************************************************************************
Mon Aug 17 18:08:28 2020


FIT:    data read from dataPTH5 using 1:2
        format = x:z
        x range restricted to [0.00000 : 6000.00]
        #datapoints = 30
        residuals are weighted equally (unit weight)

function used for fitting: M2(x)
	M2(x) = M2_0 * exp(-x/T2_2)
fitted parameters initialized with current variable values

iter      chisq       delta/lim  lambda   T2_2          M2_0         
   0 4.1761605038e+00   0.00e+00  4.87e-01    2.700000e+03   1.000000e+00
   5 1.4889798771e-12  -7.17e-01  4.87e-06    7.484041e+02   9.999997e-01

After 5 iterations the fit converged.
final sum of squares of residuals : 1.48898e-12
rel. change during last iteration : -7.16781e-06

degrees of freedom    (FIT_NDF)                        : 28
rms of residuals      (FIT_STDFIT) = sqrt(WSSR/ndf)    : 2.30603e-07
variance of residuals (reduced chisquare) = WSSR/ndf   : 5.31779e-14

Final set of parameters            Asymptotic Standard Error
=======================            ==========================
T2_2            = 748.404          +/- 0.0001937    (2.588e-05%)
M2_0            = 1                +/- 1.947e-07    (1.947e-05%)

correlation matrix of the fit parameters:
                T2_2   M2_0   
T2_2            1.000 
M2_0           -0.755  1.000 


*******************************************************************************
Mon Aug 17 18:08:28 2020


FIT:    data read from dataPTH8 using 1:2
        format = x:z
        x range restricted to [0.00000 : 1300.00]
        #datapoints = 9
        residuals are weighted equally (unit weight)

function used for fitting: S8(x)
	S8(x) = S8_0 * (1-exp(-x/T8_1))
fitted parameters initialized with current variable values

iter      chisq       delta/lim  lambda   T8_1          S8_0         
   0 2.1528668980e+00   0.00e+00  2.48e-01    2.750000e+03   1.110000e+00
   9 4.3740144791e-13  -4.06e-04  2.48e-07    4.312680e+02   1.000000e+00

After 9 iterations the fit converged.
final sum of squares of residuals : 4.37401e-13
rel. change during last iteration : -4.05546e-09

degrees of freedom    (FIT_NDF)                        : 7
rms of residuals      (FIT_STDFIT) = sqrt(WSSR/ndf)    : 2.49972e-07
variance of residuals (reduced chisquare) = WSSR/ndf   : 6.24859e-14

Final set of parameters            Asymptotic Standard Error
=======================            ==========================
T8_1            = 431.268          +/- 0.0002906    (6.738e-05%)
S8_0            = 1                +/- 2.475e-07    (2.475e-05%)

correlation matrix of the fit parameters:
                T8_1   S8_0   
T8_1            1.000 
S8_0            0.894  1.000 


*******************************************************************************
Mon Aug 17 18:08:29 2020


FIT:    data read from dataPTH9 using 1:2
        format = x:z
        x range restricted to [0.00000 : 1400.00]
        #datapoints = 20
        residuals are weighted equally (unit weight)

function used for fitting: M9(x)
	M9(x) = M9_0 * exp(-x/T9_2)
fitted parameters initialized with current variable values

iter      chisq       delta/lim  lambda   T9_2          M9_0         
   0 6.4730699820e+00   0.00e+00  5.70e-01    2.700000e+03   1.000000e+00
  12 1.1107674167e-12  -6.69e-03  5.70e-07    3.418226e+02   9.999999e-01

After 12 iterations the fit converged.
final sum of squares of residuals : 1.11077e-12
rel. change during last iteration : -6.69338e-08

degrees of freedom    (FIT_NDF)                        : 18
rms of residuals      (FIT_STDFIT) = sqrt(WSSR/ndf)    : 2.48414e-07
variance of residuals (reduced chisquare) = WSSR/ndf   : 6.17093e-14

Final set of parameters            Asymptotic Standard Error
=======================            ==========================
T9_2            = 341.823          +/- 0.0001228    (3.594e-05%)
M9_0            = 1                +/- 2.81e-07     (2.81e-05%)

correlation matrix of the fit parameters:
                T9_2   M9_0   
T9_2            1.000 
M9_0           -0.777  1.000 


*******************************************************************************
Mon Aug 17 18:08:29 2020


FIT:    data read from dataPTH6 using 1:2
        format = x:z
        x range restricted to [0.00000 : 6000.00]
        #datapoints = 10
        residuals are weighted equally (unit weight)

function used for fitting: S3(x)
	S3(x) = S3_0 * (1-exp(-x/T3_1))
fitted parameters initialized with current variable values

iter      chisq       delta/lim  lambda   T3_1          S3_0         
   0 3.8929135176e-03   0.00e+00  5.23e-01    2.750000e+03   1.110000e+00
   6 6.8027411633e-13  -2.19e-03  5.23e-07    2.199464e+03   1.000000e+00

After 6 iterations the fit converged.
final sum of squares of residuals : 6.80274e-13
rel. change during last iteration : -2.19338e-08

degrees of freedom    (FIT_NDF)                        : 8
rms of residuals      (FIT_STDFIT) = sqrt(WSSR/ndf)    : 2.91606e-07
variance of residuals (reduced chisquare) = WSSR/ndf   : 8.50343e-14

Final set of parameters            Asymptotic Standard Error
=======================            ==========================
T3_1            = 2199.46          +/- 0.002169     (9.861e-05%)
S3_0            = 1                +/- 4.584e-07    (4.584e-05%)

correlation matrix of the fit parameters:
                T3_1   S3_0   
T3_1            1.000 
S3_0            0.952  1.000 


*******************************************************************************
Mon Aug 17 18:08:29 2020


FIT:    data read from dataPTH7 using 1:2
        format = x:z
        x range restricted to [0.00000 : 6000.00]
        #datapoints = 30
        residuals are weighted equally (unit weight)

function used for fitting: M3(x)
	M3(x) = M3_0 * exp(-x/T3_2)
fitted parameters initialized with current variable values

iter      chisq       delta/lim  lambda   T3_2          M3_0         
   0 3.6479265355e-01   0.00e+00  3.87e-01    2.700000e+03   1.000000e+00
   4 6.1537447012e-02  -4.97e-02  3.87e-05    1.901064e+03   9.999959e-01

After 4 iterations the fit converged.
final sum of squares of residuals : 0.0615374
rel. change during last iteration : -4.97022e-07

degrees of freedom    (FIT_NDF)                        : 28
rms of residuals      (FIT_STDFIT) = sqrt(WSSR/ndf)    : 0.0468803
variance of residuals (reduced chisquare) = WSSR/ndf   : 0.00219777

Final set of parameters            Asymptotic Standard Error
=======================            ==========================
T3_2            = 1901.06          +/- 89.83        (4.725%)
M3_0            = 0.999996         +/- 0.03446      (3.446%)

correlation matrix of the fit parameters:
                T3_2   M3_0   
T3_2            1.000 
M3_0           -0.752  1.000 


*******************************************************************************
Mon Aug 17 18:08:55 2020


FIT:    data read from dataPTH using 1:2
        format = x:z
        x range restricted to [0.00000 : 4750.00]
        #datapoints = 10
        residuals are weighted equally (unit weight)

function used for fitting: S(x)
	S(x) = S_0 * (1-exp(-x/T_1))
fitted parameters initialized with current variable values

iter      chisq       delta/lim  lambda   T_1           S_0          
   0 1.9908219163e-01   0.00e+00  5.23e-01    2.750000e+03   1.110000e+00
   7 7.8419638747e-13  -5.31e-05  5.23e-08    1.394845e+03   1.000000e+00

After 7 iterations the fit converged.
final sum of squares of residuals : 7.84196e-13
rel. change during last iteration : -5.30993e-10

degrees of freedom    (FIT_NDF)                        : 8
rms of residuals      (FIT_STDFIT) = sqrt(WSSR/ndf)    : 3.13089e-07
variance of residuals (reduced chisquare) = WSSR/ndf   : 9.80245e-14

Final set of parameters            Asymptotic Standard Error
=======================            ==========================
T_1             = 1394.84          +/- 0.001055     (7.563e-05%)
S_0             = 1                +/- 2.57e-07     (2.57e-05%)

correlation matrix of the fit parameters:
                T_1    S_0    
T_1             1.000 
S_0             0.868  1.000 


*******************************************************************************
Mon Aug 17 18:08:55 2020


FIT:    data read from dataPTH1 using 1:2
        format = x:z
        x range restricted to [0.00000 : 6000.00]
        #datapoints = 30
        residuals are weighted equally (unit weight)

function used for fitting: M(x)
	M(x) = M_0 * exp(-x/T_2)
fitted parameters initialized with current variable values

iter      chisq       delta/lim  lambda   T_2           M_0          
   0 1.3391161070e+00   0.00e+00  3.87e-01    2.700000e+03   1.000000e+00
   6 7.6704551524e-13  -9.32e-05  3.87e-07    1.215514e+03   9.999998e-01

After 6 iterations the fit converged.
final sum of squares of residuals : 7.67046e-13
rel. change during last iteration : -9.32488e-10

degrees of freedom    (FIT_NDF)                        : 28
rms of residuals      (FIT_STDFIT) = sqrt(WSSR/ndf)    : 1.65513e-07
variance of residuals (reduced chisquare) = WSSR/ndf   : 2.73945e-14

Final set of parameters            Asymptotic Standard Error
=======================            ==========================
T_2             = 1215.51          +/- 0.0002529    (2.081e-05%)
M_0             = 1                +/- 1.599e-07    (1.599e-05%)

correlation matrix of the fit parameters:
                T_2    M_0    
T_2             1.000 
M_0            -0.763  1.000 


*******************************************************************************
Mon Aug 17 18:08:55 2020


FIT:    data read from dataPTH2 using 1:2
        format = x:z
        x range restricted to [0.00000 : 6000.00]
        #datapoints = 9
        residuals are weighted equally (unit weight)

function used for fitting: S1(x)
	S1(x) = S1_0 * (1-exp(-x/T1_1))
fitted parameters initialized with current variable values

iter      chisq       delta/lim  lambda   T1_1          S1_0         
   0 8.8234524418e-01   0.00e+00  8.85e-01    2.750000e+03   2.000000e+00
  10 2.8927204098e-13  -5.98e-03  8.85e-08    1.003402e+03   9.999999e-01

After 10 iterations the fit converged.
final sum of squares of residuals : 2.89272e-13
rel. change during last iteration : -5.97659e-08

degrees of freedom    (FIT_NDF)                        : 7
rms of residuals      (FIT_STDFIT) = sqrt(WSSR/ndf)    : 2.03284e-07
variance of residuals (reduced chisquare) = WSSR/ndf   : 4.13246e-14

Final set of parameters            Asymptotic Standard Error
=======================            ==========================
T1_1            = 1003.4           +/- 0.0004851    (4.835e-05%)
S1_0            = 1                +/- 1.42e-07     (1.42e-05%)

correlation matrix of the fit parameters:
                T1_1   S1_0   
T1_1            1.000 
S1_0            0.807  1.000 


*******************************************************************************
Mon Aug 17 18:08:55 2020


FIT:    data read from dataPTH3 using 1:2
        format = x:z
        x range restricted to [0.00000 : 6000.00]
        #datapoints = 30
        residuals are weighted equally (unit weight)

function used for fitting: M1(x)
	M1(x) = M1_0 * exp(-x/T1_2)
fitted parameters initialized with current variable values

iter      chisq       delta/lim  lambda   T1_2          M1_0         
   0 2.3992322700e+00   0.00e+00  4.87e-01    2.700000e+03   1.000000e+00
   6 1.8019754941e-12   0.00e+00  4.87e+01    1.066239e+03   9.999999e-01

After 6 iterations the fit converged.
final sum of squares of residuals : 1.80198e-12
rel. change during last iteration : 0

degrees of freedom    (FIT_NDF)                        : 28
rms of residuals      (FIT_STDFIT) = sqrt(WSSR/ndf)    : 2.53685e-07
variance of residuals (reduced chisquare) = WSSR/ndf   : 6.43563e-14

Final set of parameters            Asymptotic Standard Error
=======================            ==========================
T1_2            = 1066.24          +/- 0.0002621    (2.458e-05%)
M1_0            = 1                +/- 1.755e-07    (1.755e-05%)

correlation matrix of the fit parameters:
                T1_2   M1_0   
T1_2            1.000 
M1_0           -0.753  1.000 


*******************************************************************************
Mon Aug 17 18:08:56 2020


FIT:    data read from dataPTH4 using 1:2
        format = x:z
        x range restricted to [0.00000 : 6000.00]
        #datapoints = 9
        residuals are weighted equally (unit weight)

function used for fitting: S2(x)
	S2(x) = S2_0 * (1-exp(-x/T2_1))
fitted parameters initialized with current variable values

iter      chisq       delta/lim  lambda   T2_1          S2_0         
   0 1.3231125692e+00   0.00e+00  3.42e-01    2.750000e+03   1.110000e+00
   5 1.3473566941e-02  -3.24e-03  3.42e-06    6.468486e+02   1.000000e+00

After 5 iterations the fit converged.
final sum of squares of residuals : 0.0134736
rel. change during last iteration : -3.24059e-08

degrees of freedom    (FIT_NDF)                        : 7
rms of residuals      (FIT_STDFIT) = sqrt(WSSR/ndf)    : 0.0438725
variance of residuals (reduced chisquare) = WSSR/ndf   : 0.0019248

Final set of parameters            Asymptotic Standard Error
=======================            ==========================
T2_1            = 646.849          +/- 74.54        (11.52%)
S2_0            = 1                +/- 0.04003      (4.003%)

correlation matrix of the fit parameters:
                T2_1   S2_0   
T2_1            1.000 
S2_0            0.876  1.000 


*******************************************************************************
Mon Aug 17 18:08:56 2020


FIT:    data read from dataPTH5 using 1:2
        format = x:z
        x range restricted to [0.00000 : 6000.00]
        #datapoints = 30
        residuals are weighted equally (unit weight)

function used for fitting: M2(x)
	M2(x) = M2_0 * exp(-x/T2_2)
fitted parameters initialized with current variable values

iter      chisq       delta/lim  lambda   T2_2          M2_0         
   0 4.1761605038e+00   0.00e+00  4.87e-01    2.700000e+03   1.000000e+00
   5 1.4889798771e-12  -7.17e-01  4.87e-06    7.484041e+02   9.999997e-01

After 5 iterations the fit converged.
final sum of squares of residuals : 1.48898e-12
rel. change during last iteration : -7.16781e-06

degrees of freedom    (FIT_NDF)                        : 28
rms of residuals      (FIT_STDFIT) = sqrt(WSSR/ndf)    : 2.30603e-07
variance of residuals (reduced chisquare) = WSSR/ndf   : 5.31779e-14

Final set of parameters            Asymptotic Standard Error
=======================            ==========================
T2_2            = 748.404          +/- 0.0001937    (2.588e-05%)
M2_0            = 1                +/- 1.947e-07    (1.947e-05%)

correlation matrix of the fit parameters:
                T2_2   M2_0   
T2_2            1.000 
M2_0           -0.755  1.000 


*******************************************************************************
Mon Aug 17 18:08:56 2020


FIT:    data read from dataPTH8 using 1:2
        format = x:z
        x range restricted to [0.00000 : 1300.00]
        #datapoints = 9
        residuals are weighted equally (unit weight)

function used for fitting: S8(x)
	S8(x) = S8_0 * (1-exp(-x/T8_1))
fitted parameters initialized with current variable values

iter      chisq       delta/lim  lambda   T8_1          S8_0         
   0 2.1528668980e+00   0.00e+00  2.48e-01    2.750000e+03   1.110000e+00
   9 4.3740144791e-13  -4.06e-04  2.48e-07    4.312680e+02   1.000000e+00

After 9 iterations the fit converged.
final sum of squares of residuals : 4.37401e-13
rel. change during last iteration : -4.05546e-09

degrees of freedom    (FIT_NDF)                        : 7
rms of residuals      (FIT_STDFIT) = sqrt(WSSR/ndf)    : 2.49972e-07
variance of residuals (reduced chisquare) = WSSR/ndf   : 6.24859e-14

Final set of parameters            Asymptotic Standard Error
=======================            ==========================
T8_1            = 431.268          +/- 0.0002906    (6.738e-05%)
S8_0            = 1                +/- 2.475e-07    (2.475e-05%)

correlation matrix of the fit parameters:
                T8_1   S8_0   
T8_1            1.000 
S8_0            0.894  1.000 


*******************************************************************************
Mon Aug 17 18:08:56 2020


FIT:    data read from dataPTH9 using 1:2
        format = x:z
        x range restricted to [0.00000 : 1400.00]
        #datapoints = 20
        residuals are weighted equally (unit weight)

function used for fitting: M9(x)
	M9(x) = M9_0 * exp(-x/T9_2)
fitted parameters initialized with current variable values

iter      chisq       delta/lim  lambda   T9_2          M9_0         
   0 6.4730699820e+00   0.00e+00  5.70e-01    2.700000e+03   1.000000e+00
  12 1.1107674167e-12  -6.69e-03  5.70e-07    3.418226e+02   9.999999e-01

After 12 iterations the fit converged.
final sum of squares of residuals : 1.11077e-12
rel. change during last iteration : -6.69338e-08

degrees of freedom    (FIT_NDF)                        : 18
rms of residuals      (FIT_STDFIT) = sqrt(WSSR/ndf)    : 2.48414e-07
variance of residuals (reduced chisquare) = WSSR/ndf   : 6.17093e-14

Final set of parameters            Asymptotic Standard Error
=======================            ==========================
T9_2            = 341.823          +/- 0.0001228    (3.594e-05%)
M9_0            = 1                +/- 2.81e-07     (2.81e-05%)

correlation matrix of the fit parameters:
                T9_2   M9_0   
T9_2            1.000 
M9_0           -0.777  1.000 


*******************************************************************************
Mon Aug 17 18:08:56 2020


FIT:    data read from dataPTH6 using 1:2
        format = x:z
        x range restricted to [0.00000 : 6000.00]
        #datapoints = 10
        residuals are weighted equally (unit weight)

function used for fitting: S3(x)
	S3(x) = S3_0 * (1-exp(-x/T3_1))
fitted parameters initialized with current variable values

iter      chisq       delta/lim  lambda   T3_1          S3_0         
   0 3.8929135176e-03   0.00e+00  5.23e-01    2.750000e+03   1.110000e+00
   6 6.8027411633e-13  -2.19e-03  5.23e-07    2.199464e+03   1.000000e+00

After 6 iterations the fit converged.
final sum of squares of residuals : 6.80274e-13
rel. change during last iteration : -2.19338e-08

degrees of freedom    (FIT_NDF)                        : 8
rms of residuals      (FIT_STDFIT) = sqrt(WSSR/ndf)    : 2.91606e-07
variance of residuals (reduced chisquare) = WSSR/ndf   : 8.50343e-14

Final set of parameters            Asymptotic Standard Error
=======================            ==========================
T3_1            = 2199.46          +/- 0.002169     (9.861e-05%)
S3_0            = 1                +/- 4.584e-07    (4.584e-05%)

correlation matrix of the fit parameters:
                T3_1   S3_0   
T3_1            1.000 
S3_0            0.952  1.000 


*******************************************************************************
Mon Aug 17 18:08:56 2020


FIT:    data read from dataPTH7 using 1:2
        format = x:z
        x range restricted to [0.00000 : 6000.00]
        #datapoints = 30
        residuals are weighted equally (unit weight)

function used for fitting: M3(x)
	M3(x) = M3_0 * exp(-x/T3_2)
fitted parameters initialized with current variable values

iter      chisq       delta/lim  lambda   T3_2          M3_0         
   0 3.6479265355e-01   0.00e+00  3.87e-01    2.700000e+03   1.000000e+00
   4 6.1537447012e-02  -4.97e-02  3.87e-05    1.901064e+03   9.999959e-01

After 4 iterations the fit converged.
final sum of squares of residuals : 0.0615374
rel. change during last iteration : -4.97022e-07

degrees of freedom    (FIT_NDF)                        : 28
rms of residuals      (FIT_STDFIT) = sqrt(WSSR/ndf)    : 0.0468803
variance of residuals (reduced chisquare) = WSSR/ndf   : 0.00219777

Final set of parameters            Asymptotic Standard Error
=======================            ==========================
T3_2            = 1901.06          +/- 89.83        (4.725%)
M3_0            = 0.999996         +/- 0.03446      (3.446%)

correlation matrix of the fit parameters:
                T3_2   M3_0   
T3_2            1.000 
M3_0           -0.752  1.000 


*******************************************************************************
Mon Aug 17 18:10:25 2020


FIT:    data read from dataPTH using 1:2
        format = x:z
        x range restricted to [0.00000 : 4750.00]
        #datapoints = 10
        residuals are weighted equally (unit weight)

function used for fitting: S(x)
	S(x) = S_0 * (1-exp(-x/T_1))
fitted parameters initialized with current variable values

iter      chisq       delta/lim  lambda   T_1           S_0          
   0 1.9908219163e-01   0.00e+00  5.23e-01    2.750000e+03   1.110000e+00
   7 7.8419638747e-13  -5.31e-05  5.23e-08    1.394845e+03   1.000000e+00

After 7 iterations the fit converged.
final sum of squares of residuals : 7.84196e-13
rel. change during last iteration : -5.30993e-10

degrees of freedom    (FIT_NDF)                        : 8
rms of residuals      (FIT_STDFIT) = sqrt(WSSR/ndf)    : 3.13089e-07
variance of residuals (reduced chisquare) = WSSR/ndf   : 9.80245e-14

Final set of parameters            Asymptotic Standard Error
=======================            ==========================
T_1             = 1394.84          +/- 0.001055     (7.563e-05%)
S_0             = 1                +/- 2.57e-07     (2.57e-05%)

correlation matrix of the fit parameters:
                T_1    S_0    
T_1             1.000 
S_0             0.868  1.000 


*******************************************************************************
Mon Aug 17 18:10:25 2020


FIT:    data read from dataPTH1 using 1:2
        format = x:z
        x range restricted to [0.00000 : 6000.00]
        #datapoints = 30
        residuals are weighted equally (unit weight)

function used for fitting: M(x)
	M(x) = M_0 * exp(-x/T_2)
fitted parameters initialized with current variable values

iter      chisq       delta/lim  lambda   T_2           M_0          
   0 1.3391161070e+00   0.00e+00  3.87e-01    2.700000e+03   1.000000e+00
   6 7.6704551524e-13  -9.32e-05  3.87e-07    1.215514e+03   9.999998e-01

After 6 iterations the fit converged.
final sum of squares of residuals : 7.67046e-13
rel. change during last iteration : -9.32488e-10

degrees of freedom    (FIT_NDF)                        : 28
rms of residuals      (FIT_STDFIT) = sqrt(WSSR/ndf)    : 1.65513e-07
variance of residuals (reduced chisquare) = WSSR/ndf   : 2.73945e-14

Final set of parameters            Asymptotic Standard Error
=======================            ==========================
T_2             = 1215.51          +/- 0.0002529    (2.081e-05%)
M_0             = 1                +/- 1.599e-07    (1.599e-05%)

correlation matrix of the fit parameters:
                T_2    M_0    
T_2             1.000 
M_0            -0.763  1.000 


*******************************************************************************
Mon Aug 17 18:10:25 2020


FIT:    data read from dataPTH2 using 1:2
        format = x:z
        x range restricted to [0.00000 : 6000.00]
        #datapoints = 9
        residuals are weighted equally (unit weight)

function used for fitting: S1(x)
	S1(x) = S1_0 * (1-exp(-x/T1_1))
fitted parameters initialized with current variable values

iter      chisq       delta/lim  lambda   T1_1          S1_0         
   0 8.8234524418e-01   0.00e+00  8.85e-01    2.750000e+03   2.000000e+00
  10 2.8927204098e-13  -5.98e-03  8.85e-08    1.003402e+03   9.999999e-01

After 10 iterations the fit converged.
final sum of squares of residuals : 2.89272e-13
rel. change during last iteration : -5.97659e-08

degrees of freedom    (FIT_NDF)                        : 7
rms of residuals      (FIT_STDFIT) = sqrt(WSSR/ndf)    : 2.03284e-07
variance of residuals (reduced chisquare) = WSSR/ndf   : 4.13246e-14

Final set of parameters            Asymptotic Standard Error
=======================            ==========================
T1_1            = 1003.4           +/- 0.0004851    (4.835e-05%)
S1_0            = 1                +/- 1.42e-07     (1.42e-05%)

correlation matrix of the fit parameters:
                T1_1   S1_0   
T1_1            1.000 
S1_0            0.807  1.000 


*******************************************************************************
Mon Aug 17 18:10:25 2020


FIT:    data read from dataPTH3 using 1:2
        format = x:z
        x range restricted to [0.00000 : 6000.00]
        #datapoints = 30
        residuals are weighted equally (unit weight)

function used for fitting: M1(x)
	M1(x) = M1_0 * exp(-x/T1_2)
fitted parameters initialized with current variable values

iter      chisq       delta/lim  lambda   T1_2          M1_0         
   0 2.3992322700e+00   0.00e+00  4.87e-01    2.700000e+03   1.000000e+00
   6 1.8019754941e-12   0.00e+00  4.87e+01    1.066239e+03   9.999999e-01

After 6 iterations the fit converged.
final sum of squares of residuals : 1.80198e-12
rel. change during last iteration : 0

degrees of freedom    (FIT_NDF)                        : 28
rms of residuals      (FIT_STDFIT) = sqrt(WSSR/ndf)    : 2.53685e-07
variance of residuals (reduced chisquare) = WSSR/ndf   : 6.43563e-14

Final set of parameters            Asymptotic Standard Error
=======================            ==========================
T1_2            = 1066.24          +/- 0.0002621    (2.458e-05%)
M1_0            = 1                +/- 1.755e-07    (1.755e-05%)

correlation matrix of the fit parameters:
                T1_2   M1_0   
T1_2            1.000 
M1_0           -0.753  1.000 


*******************************************************************************
Mon Aug 17 18:10:26 2020


FIT:    data read from dataPTH4 using 1:2
        format = x:z
        x range restricted to [0.00000 : 6000.00]
        #datapoints = 9
        residuals are weighted equally (unit weight)

function used for fitting: S2(x)
	S2(x) = S2_0 * (1-exp(-x/T2_1))
fitted parameters initialized with current variable values

iter      chisq       delta/lim  lambda   T2_1          S2_0         
   0 1.3231125692e+00   0.00e+00  3.42e-01    2.750000e+03   1.110000e+00
   5 1.3473566941e-02  -3.24e-03  3.42e-06    6.468486e+02   1.000000e+00

After 5 iterations the fit converged.
final sum of squares of residuals : 0.0134736
rel. change during last iteration : -3.24059e-08

degrees of freedom    (FIT_NDF)                        : 7
rms of residuals      (FIT_STDFIT) = sqrt(WSSR/ndf)    : 0.0438725
variance of residuals (reduced chisquare) = WSSR/ndf   : 0.0019248

Final set of parameters            Asymptotic Standard Error
=======================            ==========================
T2_1            = 646.849          +/- 74.54        (11.52%)
S2_0            = 1                +/- 0.04003      (4.003%)

correlation matrix of the fit parameters:
                T2_1   S2_0   
T2_1            1.000 
S2_0            0.876  1.000 


*******************************************************************************
Mon Aug 17 18:10:26 2020


FIT:    data read from dataPTH5 using 1:2
        format = x:z
        x range restricted to [0.00000 : 6000.00]
        #datapoints = 30
        residuals are weighted equally (unit weight)

function used for fitting: M2(x)
	M2(x) = M2_0 * exp(-x/T2_2)
fitted parameters initialized with current variable values

iter      chisq       delta/lim  lambda   T2_2          M2_0         
   0 4.1761605038e+00   0.00e+00  4.87e-01    2.700000e+03   1.000000e+00
   5 1.4889798771e-12  -7.17e-01  4.87e-06    7.484041e+02   9.999997e-01

After 5 iterations the fit converged.
final sum of squares of residuals : 1.48898e-12
rel. change during last iteration : -7.16781e-06

degrees of freedom    (FIT_NDF)                        : 28
rms of residuals      (FIT_STDFIT) = sqrt(WSSR/ndf)    : 2.30603e-07
variance of residuals (reduced chisquare) = WSSR/ndf   : 5.31779e-14

Final set of parameters            Asymptotic Standard Error
=======================            ==========================
T2_2            = 748.404          +/- 0.0001937    (2.588e-05%)
M2_0            = 1                +/- 1.947e-07    (1.947e-05%)

correlation matrix of the fit parameters:
                T2_2   M2_0   
T2_2            1.000 
M2_0           -0.755  1.000 


*******************************************************************************
Mon Aug 17 18:10:26 2020


FIT:    data read from dataPTH8 using 1:2
        format = x:z
        x range restricted to [0.00000 : 1300.00]
        #datapoints = 9
        residuals are weighted equally (unit weight)

function used for fitting: S8(x)
	S8(x) = S8_0 * (1-exp(-x/T8_1))
fitted parameters initialized with current variable values

iter      chisq       delta/lim  lambda   T8_1          S8_0         
   0 2.1528668980e+00   0.00e+00  2.48e-01    2.750000e+03   1.110000e+00
   9 4.3740144791e-13  -4.06e-04  2.48e-07    4.312680e+02   1.000000e+00

After 9 iterations the fit converged.
final sum of squares of residuals : 4.37401e-13
rel. change during last iteration : -4.05546e-09

degrees of freedom    (FIT_NDF)                        : 7
rms of residuals      (FIT_STDFIT) = sqrt(WSSR/ndf)    : 2.49972e-07
variance of residuals (reduced chisquare) = WSSR/ndf   : 6.24859e-14

Final set of parameters            Asymptotic Standard Error
=======================            ==========================
T8_1            = 431.268          +/- 0.0002906    (6.738e-05%)
S8_0            = 1                +/- 2.475e-07    (2.475e-05%)

correlation matrix of the fit parameters:
                T8_1   S8_0   
T8_1            1.000 
S8_0            0.894  1.000 


*******************************************************************************
Mon Aug 17 18:10:26 2020


FIT:    data read from dataPTH9 using 1:2
        format = x:z
        x range restricted to [0.00000 : 1400.00]
        #datapoints = 20
        residuals are weighted equally (unit weight)

function used for fitting: M9(x)
	M9(x) = M9_0 * exp(-x/T9_2)
fitted parameters initialized with current variable values

iter      chisq       delta/lim  lambda   T9_2          M9_0         
   0 6.4730699820e+00   0.00e+00  5.70e-01    2.700000e+03   1.000000e+00
  12 1.1107674167e-12  -6.69e-03  5.70e-07    3.418226e+02   9.999999e-01

After 12 iterations the fit converged.
final sum of squares of residuals : 1.11077e-12
rel. change during last iteration : -6.69338e-08

degrees of freedom    (FIT_NDF)                        : 18
rms of residuals      (FIT_STDFIT) = sqrt(WSSR/ndf)    : 2.48414e-07
variance of residuals (reduced chisquare) = WSSR/ndf   : 6.17093e-14

Final set of parameters            Asymptotic Standard Error
=======================            ==========================
T9_2            = 341.823          +/- 0.0001228    (3.594e-05%)
M9_0            = 1                +/- 2.81e-07     (2.81e-05%)

correlation matrix of the fit parameters:
                T9_2   M9_0   
T9_2            1.000 
M9_0           -0.777  1.000 


*******************************************************************************
Mon Aug 17 18:10:26 2020


FIT:    data read from dataPTH6 using 1:2
        format = x:z
        x range restricted to [0.00000 : 6000.00]
        #datapoints = 10
        residuals are weighted equally (unit weight)

function used for fitting: S3(x)
	S3(x) = S3_0 * (1-exp(-x/T3_1))
fitted parameters initialized with current variable values

iter      chisq       delta/lim  lambda   T3_1          S3_0         
   0 3.8929135176e-03   0.00e+00  5.23e-01    2.750000e+03   1.110000e+00
   6 6.8027411633e-13  -2.19e-03  5.23e-07    2.199464e+03   1.000000e+00

After 6 iterations the fit converged.
final sum of squares of residuals : 6.80274e-13
rel. change during last iteration : -2.19338e-08

degrees of freedom    (FIT_NDF)                        : 8
rms of residuals      (FIT_STDFIT) = sqrt(WSSR/ndf)    : 2.91606e-07
variance of residuals (reduced chisquare) = WSSR/ndf   : 8.50343e-14

Final set of parameters            Asymptotic Standard Error
=======================            ==========================
T3_1            = 2199.46          +/- 0.002169     (9.861e-05%)
S3_0            = 1                +/- 4.584e-07    (4.584e-05%)

correlation matrix of the fit parameters:
                T3_1   S3_0   
T3_1            1.000 
S3_0            0.952  1.000 


*******************************************************************************
Mon Aug 17 18:10:26 2020


FIT:    data read from dataPTH7 using 1:2
        format = x:z
        x range restricted to [0.00000 : 6000.00]
        #datapoints = 30
        residuals are weighted equally (unit weight)

function used for fitting: M3(x)
	M3(x) = M3_0 * exp(-x/T3_2)
fitted parameters initialized with current variable values

iter      chisq       delta/lim  lambda   T3_2          M3_0         
   0 3.6479265355e-01   0.00e+00  3.87e-01    2.700000e+03   1.000000e+00
   4 6.1537447012e-02  -4.97e-02  3.87e-05    1.901064e+03   9.999959e-01

After 4 iterations the fit converged.
final sum of squares of residuals : 0.0615374
rel. change during last iteration : -4.97022e-07

degrees of freedom    (FIT_NDF)                        : 28
rms of residuals      (FIT_STDFIT) = sqrt(WSSR/ndf)    : 0.0468803
variance of residuals (reduced chisquare) = WSSR/ndf   : 0.00219777

Final set of parameters            Asymptotic Standard Error
=======================            ==========================
T3_2            = 1901.06          +/- 89.83        (4.725%)
M3_0            = 0.999996         +/- 0.03446      (3.446%)

correlation matrix of the fit parameters:
                T3_2   M3_0   
T3_2            1.000 
M3_0           -0.752  1.000 


*******************************************************************************
Mon Aug 17 18:11:07 2020


FIT:    data read from dataPTH using 1:2
        format = x:z
        x range restricted to [0.00000 : 4750.00]
        #datapoints = 10
        residuals are weighted equally (unit weight)

function used for fitting: S(x)
	S(x) = S_0 * (1-exp(-x/T_1))
fitted parameters initialized with current variable values

iter      chisq       delta/lim  lambda   T_1           S_0          
   0 1.9908219163e-01   0.00e+00  5.23e-01    2.750000e+03   1.110000e+00
   7 7.8419638747e-13  -5.31e-05  5.23e-08    1.394845e+03   1.000000e+00

After 7 iterations the fit converged.
final sum of squares of residuals : 7.84196e-13
rel. change during last iteration : -5.30993e-10

degrees of freedom    (FIT_NDF)                        : 8
rms of residuals      (FIT_STDFIT) = sqrt(WSSR/ndf)    : 3.13089e-07
variance of residuals (reduced chisquare) = WSSR/ndf   : 9.80245e-14

Final set of parameters            Asymptotic Standard Error
=======================            ==========================
T_1             = 1394.84          +/- 0.001055     (7.563e-05%)
S_0             = 1                +/- 2.57e-07     (2.57e-05%)

correlation matrix of the fit parameters:
                T_1    S_0    
T_1             1.000 
S_0             0.868  1.000 


*******************************************************************************
Mon Aug 17 18:11:07 2020


FIT:    data read from dataPTH6 using 1:2
        format = x:z
        x range restricted to [0.00000 : 4100.00]
        #datapoints = 8
        residuals are weighted equally (unit weight)

function used for fitting: S3(x)
	S3(x) = S3_0 * (1-exp(-x/T3_1))
fitted parameters initialized with current variable values

iter      chisq       delta/lim  lambda   T3_1          S3_0         
   0 2.8414975159e-03   0.00e+00  4.77e-01    2.750000e+03   1.110000e+00
   6 5.0028146343e-13  -4.23e-03  4.77e-07    2.199462e+03   9.999998e-01

After 6 iterations the fit converged.
final sum of squares of residuals : 5.00281e-13
rel. change during last iteration : -4.22682e-08

degrees of freedom    (FIT_NDF)                        : 6
rms of residuals      (FIT_STDFIT) = sqrt(WSSR/ndf)    : 2.88756e-07
variance of residuals (reduced chisquare) = WSSR/ndf   : 8.33802e-14

Final set of parameters            Asymptotic Standard Error
=======================            ==========================
T3_1            = 2199.46          +/- 0.003027     (0.0001376%)
S3_0            = 1                +/- 7.303e-07    (7.303e-05%)

correlation matrix of the fit parameters:
                T3_1   S3_0   
T3_1            1.000 
S3_0            0.972  1.000 


*******************************************************************************
Mon Aug 17 18:11:07 2020


FIT:    data read from dataPTH8 using 1:2
        format = x:z
        x range restricted to [0.00000 : 1300.00]
        #datapoints = 9
        residuals are weighted equally (unit weight)

function used for fitting: S8(x)
	S8(x) = S8_0 * (1-exp(-x/T8_1))
fitted parameters initialized with current variable values

iter      chisq       delta/lim  lambda   T8_1          S8_0         
   0 2.1528668980e+00   0.00e+00  2.48e-01    2.750000e+03   1.110000e+00
   9 4.3740144791e-13  -4.06e-04  2.48e-07    4.312680e+02   1.000000e+00

After 9 iterations the fit converged.
final sum of squares of residuals : 4.37401e-13
rel. change during last iteration : -4.05546e-09

degrees of freedom    (FIT_NDF)                        : 7
rms of residuals      (FIT_STDFIT) = sqrt(WSSR/ndf)    : 2.49972e-07
variance of residuals (reduced chisquare) = WSSR/ndf   : 6.24859e-14

Final set of parameters            Asymptotic Standard Error
=======================            ==========================
T8_1            = 431.268          +/- 0.0002906    (6.738e-05%)
S8_0            = 1                +/- 2.475e-07    (2.475e-05%)

correlation matrix of the fit parameters:
                T8_1   S8_0   
T8_1            1.000 
S8_0            0.894  1.000 


*******************************************************************************
Mon Aug 17 18:11:08 2020


FIT:    data read from dataPTH2 using 1:2
        format = x:z
        x range restricted to [0.00000 : 4750.00]
        #datapoints = 10
        residuals are weighted equally (unit weight)

function used for fitting: S2(x)
	S2(x) = S2_0 * (1-exp(-x/T2_1))
fitted parameters initialized with current variable values

iter      chisq       delta/lim  lambda   T2_1          S2_0         
   0 3.3724532095e-01   0.00e+00  5.23e-01    2.750000e+03   1.110000e+00
   7 1.0945052488e-12  -1.14e-05  5.23e+00    1.178283e+03   1.000000e+00

After 7 iterations the fit converged.
final sum of squares of residuals : 1.09451e-12
rel. change during last iteration : -1.14401e-10

degrees of freedom    (FIT_NDF)                        : 8
rms of residuals      (FIT_STDFIT) = sqrt(WSSR/ndf)    : 3.69883e-07
variance of residuals (reduced chisquare) = WSSR/ndf   : 1.36813e-13

Final set of parameters            Asymptotic Standard Error
=======================            ==========================
T2_1            = 1178.28          +/- 0.0009801    (8.318e-05%)
S2_0            = 1                +/- 2.506e-07    (2.506e-05%)

correlation matrix of the fit parameters:
                T2_1   S2_0   
T2_1            1.000 
S2_0            0.818  1.000 


*******************************************************************************
Mon Aug 17 18:11:08 2020


FIT:    data read from dataPTH4 using 1:2
        format = x:z
        x range restricted to [0.00000 : 1300.00]
        #datapoints = 9
        residuals are weighted equally (unit weight)

function used for fitting: S4(x)
	S4(x) = S4_0 * (1-exp(-x/T4_1))
fitted parameters initialized with current variable values

iter      chisq       delta/lim  lambda   T4_1          S4_0         
   0 4.1531685750e+00   0.00e+00  1.55e-01    2.750000e+03   1.110000e+00
  18 6.2637515865e-13  -1.13e-03  1.55e-07    1.802444e+02   1.000000e+00

After 18 iterations the fit converged.
final sum of squares of residuals : 6.26375e-13
rel. change during last iteration : -1.13387e-08

degrees of freedom    (FIT_NDF)                        : 7
rms of residuals      (FIT_STDFIT) = sqrt(WSSR/ndf)    : 2.99136e-07
variance of residuals (reduced chisquare) = WSSR/ndf   : 8.94822e-14

Final set of parameters            Asymptotic Standard Error
=======================            ==========================
T4_1            = 180.244          +/- 0.0001274    (7.069e-05%)
S4_0            = 1                +/- 2.142e-07    (2.142e-05%)

correlation matrix of the fit parameters:
                T4_1   S4_0   
T4_1            1.000 
S4_0            0.831  1.000 
